Using pre-set license
Built from '6000.0/staging' branch; Version is '6000.0.34f1 (5ab2d9ed9190) revision 5944025'; Using compiler version '193933523'; Build Type 'Release'
OS: 'Windows 11  (10.0.22631) 64bit Core' Language: 'fr' Physical Memory: 8029 MB
BatchMode: 1, IsHumanControllingUs: 0, StartBugReporterOnCrash: 0, Is64bit: 1, IsPro: 1

COMMAND LINE ARGUMENTS:
C:\Program Files\Unity\Hub\Editor\6000.0.34f1\Editor\Unity.exe
-adb2
-batchMode
-noUpm
-name
AssetImportWorker0
-projectPath
C:/Users/benja/My project
-logFile
Logs/AssetImportWorker0.log
-srvPort
64624
-job-worker-count
3
-background-job-worker-count
8
-gc-helper-count
1
Successfully changed project path to: C:/Users/benja/My project
C:/Users/benja/My project
[UnityMemory] Configuration Parameters - Can be set up in boot.config
    "memorysetup-bucket-allocator-granularity=16"
    "memorysetup-bucket-allocator-bucket-count=8"
    "memorysetup-bucket-allocator-block-size=33554432"
    "memorysetup-bucket-allocator-block-count=8"
    "memorysetup-main-allocator-block-size=16777216"
    "memorysetup-thread-allocator-block-size=16777216"
    "memorysetup-gfx-main-allocator-block-size=16777216"
    "memorysetup-gfx-thread-allocator-block-size=16777216"
    "memorysetup-cache-allocator-block-size=4194304"
    "memorysetup-typetree-allocator-block-size=2097152"
    "memorysetup-profiler-bucket-allocator-granularity=16"
    "memorysetup-profiler-bucket-allocator-bucket-count=8"
    "memorysetup-profiler-bucket-allocator-block-size=33554432"
    "memorysetup-profiler-bucket-allocator-block-count=8"
    "memorysetup-profiler-allocator-block-size=16777216"
    "memorysetup-profiler-editor-allocator-block-size=1048576"
    "memorysetup-temp-allocator-size-main=16777216"
    "memorysetup-job-temp-allocator-block-size=2097152"
    "memorysetup-job-temp-allocator-block-size-background=1048576"
    "memorysetup-job-temp-allocator-reduction-small-platforms=262144"
    "memorysetup-allocator-temp-initial-block-size-main=262144"
    "memorysetup-allocator-temp-initial-block-size-worker=262144"
    "memorysetup-temp-allocator-size-background-worker=32768"
    "memorysetup-temp-allocator-size-job-worker=262144"
    "memorysetup-temp-allocator-size-preload-manager=33554432"
    "memorysetup-temp-allocator-size-nav-mesh-worker=65536"
    "memorysetup-temp-allocator-size-audio-worker=65536"
    "memorysetup-temp-allocator-size-cloud-worker=32768"
    "memorysetup-temp-allocator-size-gi-baking-worker=262144"
    "memorysetup-temp-allocator-size-gi-baking-worker=262144"
    "memorysetup-temp-allocator-size-gi-baking-worker=262144"
    "memorysetup-temp-allocator-size-gi-baking-worker=262144"
    "memorysetup-temp-allocator-size-gi-baking-worker=262144"
    "memorysetup-temp-allocator-size-gfx=262144"
Player connection [25496]  Target information:

Player connection [25496]  * "[IP] 192.168.1.99 [Port] 0 [Flags] 2 [Guid] 3081297302 [EditorId] 3081297302 [Version] 1048832 [Id] WindowsEditor(7,LAPTOP-CSGDI829) [Debug] 1 [PackageName] WindowsEditor [ProjectName] Editor" 

Player connection [25496] Host joined multi-casting on [225.0.0.222:54997]...
Player connection [25496] Host joined alternative multi-casting on [225.0.0.222:34997]...
JobSystem: Creating JobQueue using job-worker-count value 3
Input System module state changed to: Initialized.
[Physics::Module] Initialized fallback backend.
[Physics::Module] Id: 0xdecafbad
Library Redirect Path: Library/
[Physics::Module] Selected backend.
[Physics::Module] Name: PhysX
[Physics::Module] Id: 0xf2b8ea05
[Physics::Module] SDK Version: 4.1.2
[Physics::Module] Integration Version: 1.0.0
[Physics::Module] Threading Mode: Multi-Threaded
Refreshing native plugins compatible for Editor in 14.76 ms, found 4 plugins.
Preloading 0 native plugins for Editor in 0.00 ms.
Initialize engine version: 6000.0.34f1 (5ab2d9ed9190)
[Subsystems] Discovering subsystems at path C:/Program Files/Unity/Hub/Editor/6000.0.34f1/Editor/Data/Resources/UnitySubsystems
[Subsystems] Discovering subsystems at path C:/Users/benja/My project/Assets
GfxDevice: creating device client; kGfxThreadingModeNonThreaded
Direct3D:
    Version:  Direct3D 11.0 [level 11.1]
    Renderer: NVIDIA GeForce GTX 1650 (ID=0x1f99)
    Vendor:   NVIDIA
    VRAM:     3937 MB
    Driver:   32.0.15.5612
Initialize mono
Mono path[0] = 'C:/Program Files/Unity/Hub/Editor/6000.0.34f1/Editor/Data/Managed'
Mono path[1] = 'C:/Program Files/Unity/Hub/Editor/6000.0.34f1/Editor/Data/MonoBleedingEdge/lib/mono/unityjit-win32'
Mono config path = 'C:/Program Files/Unity/Hub/Editor/6000.0.34f1/Editor/Data/MonoBleedingEdge/etc'
Using monoOptions --debugger-agent=transport=dt_socket,embedding=1,server=y,suspend=n,address=127.0.0.1:56628
Begin MonoManager ReloadAssembly
Registering precompiled unity dll's ...
Register platform support module: C:/Program Files/Unity/Hub/Editor/6000.0.34f1/Editor/Data/PlaybackEngines/WebGLSupport/UnityEditor.WebGL.Extensions.dll
Register platform support module: C:/Program Files/Unity/Hub/Editor/6000.0.34f1/Editor/Data/PlaybackEngines/WindowsStandaloneSupport/UnityEditor.WindowsStandalone.Extensions.dll
Register platform support module: C:/Program Files/Unity/Hub/Editor/6000.0.34f1/Editor/Data/PlaybackEngines/MetroSupport/UnityEditor.UWP.Extensions.dll
Register platform support module: C:/Program Files/Unity/Hub/Editor/6000.0.34f1/Editor/Data/PlaybackEngines/AndroidPlayer/UnityEditor.Android.Extensions.dll
Register platform support module: C:/Program Files/Unity/Hub/Editor/6000.0.34f1/Editor/Data/PlaybackEngines/iOSSupport/UnityEditor.iOS.Extensions.dll
Register platform support module: C:/Program Files/Unity/Hub/Editor/6000.0.34f1/Editor/Data/PlaybackEngines/LinuxStandaloneSupport/UnityEditor.LinuxStandalone.Extensions.dll
Registered in 0.037509 seconds.
- Loaded All Assemblies, in  2.814 seconds
Native extension for LinuxStandalone target not found
[usbmuxd] Start listen thread
[usbmuxd] Listen thread started
Native extension for iOS target not found
Native extension for Android target not found
Android Extension - Scanning For ADB Devices 1033 ms
Native extension for UWP target not found
Native extension for WindowsStandalone target not found
Native extension for WebGL target not found
Mono: successfully reloaded assembly
- Finished resetting the current domain, in  2.904 seconds
Domain Reload Profiling: 5698ms
	BeginReloadAssembly (1556ms)
		ExecutionOrderSort (0ms)
		DisableScriptedObjects (0ms)
		BackupInstance (0ms)
		ReleaseScriptingObjects (0ms)
		CreateAndSetChildDomain (5ms)
	RebuildCommonClasses (176ms)
	RebuildNativeTypeToScriptingClass (44ms)
	initialDomainReloadingComplete (351ms)
	LoadAllAssembliesAndSetupDomain (666ms)
		LoadAssemblies (1465ms)
		RebuildTransferFunctionScriptingTraits (0ms)
		AnalyzeDomain (650ms)
			TypeCache.Refresh (647ms)
				TypeCache.ScanAssembly (603ms)
			BuildScriptInfoCaches (0ms)
			ResolveRequiredComponents (1ms)
	FinalizeReload (2905ms)
		ReleaseScriptCaches (0ms)
		RebuildScriptCaches (0ms)
		SetupLoadedEditorAssemblies (2772ms)
			LogAssemblyErrors (0ms)
			InitializePlatformSupportModulesInManaged (1896ms)
			SetLoadedEditorAssemblies (13ms)
			BeforeProcessingInitializeOnLoad (270ms)
			ProcessInitializeOnLoadAttributes (448ms)
			ProcessInitializeOnLoadMethodAttributes (146ms)
			AfterProcessingInitializeOnLoad (0ms)
			EditorAssembliesLoaded (0ms)
		ExecutionOrderSort2 (0ms)
		AwakeInstancesAfterBackupRestoration (0ms)
========================================================================
Worker process is ready to serve import requests
Import Worker Mode flag is 0x00
Begin MonoManager ReloadAssembly
- Loaded All Assemblies, in  3.142 seconds
Refreshing native plugins compatible for Editor in 2.64 ms, found 4 plugins.
Native extension for LinuxStandalone target not found
Native extension for iOS target not found
Native extension for Android target not found
Native extension for UWP target not found
Native extension for WindowsStandalone target not found
Native extension for WebGL target not found
Mono: successfully reloaded assembly
- Finished resetting the current domain, in  2.756 seconds
Domain Reload Profiling: 5862ms
	BeginReloadAssembly (575ms)
		ExecutionOrderSort (0ms)
		DisableScriptedObjects (12ms)
		BackupInstance (0ms)
		ReleaseScriptingObjects (0ms)
		CreateAndSetChildDomain (59ms)
	RebuildCommonClasses (75ms)
	RebuildNativeTypeToScriptingClass (26ms)
	initialDomainReloadingComplete (102ms)
	LoadAllAssembliesAndSetupDomain (2328ms)
		LoadAssemblies (2074ms)
		RebuildTransferFunctionScriptingTraits (0ms)
		AnalyzeDomain (665ms)
			TypeCache.Refresh (496ms)
				TypeCache.ScanAssembly (457ms)
			BuildScriptInfoCaches (143ms)
			ResolveRequiredComponents (21ms)
	FinalizeReload (2757ms)
		ReleaseScriptCaches (0ms)
		RebuildScriptCaches (0ms)
		SetupLoadedEditorAssemblies (2308ms)
			LogAssemblyErrors (0ms)
			InitializePlatformSupportModulesInManaged (141ms)
			SetLoadedEditorAssemblies (11ms)
			BeforeProcessingInitializeOnLoad (540ms)
			ProcessInitializeOnLoadAttributes (1298ms)
			ProcessInitializeOnLoadMethodAttributes (283ms)
			AfterProcessingInitializeOnLoad (35ms)
			EditorAssembliesLoaded (0ms)
		ExecutionOrderSort2 (0ms)
		AwakeInstancesAfterBackupRestoration (14ms)
Launched and connected shader compiler UnityShaderCompiler.exe after 0.08 seconds
Refreshing native plugins compatible for Editor in 7.31 ms, found 4 plugins.
Preloading 0 native plugins for Editor in 0.00 ms.
Unloading 208 Unused Serialized files (Serialized files now loaded: 0)
Unloading 6540 unused Assets / (2.9 MB). Loaded Objects now: 7260.
Memory consumption went from 176.2 MB to 173.3 MB.
Total: 17.979500 ms (FindLiveObjects: 2.570200 ms CreateObjectMapping: 1.730800 ms MarkObjects: 10.142800 ms  DeleteObjects: 3.532300 ms)

========================================================================
Received Prepare
Begin MonoManager ReloadAssembly
- Loaded All Assemblies, in  1.538 seconds
Refreshing native plugins compatible for Editor in 4.04 ms, found 4 plugins.
Native extension for LinuxStandalone target not found
Native extension for iOS target not found
Native extension for Android target not found
Native extension for UWP target not found
Native extension for WindowsStandalone target not found
Native extension for WebGL target not found
Mono: successfully reloaded assembly
- Finished resetting the current domain, in  1.716 seconds
Domain Reload Profiling: 3245ms
	BeginReloadAssembly (411ms)
		ExecutionOrderSort (0ms)
		DisableScriptedObjects (27ms)
		BackupInstance (0ms)
		ReleaseScriptingObjects (0ms)
		CreateAndSetChildDomain (92ms)
	RebuildCommonClasses (90ms)
	RebuildNativeTypeToScriptingClass (28ms)
	initialDomainReloadingComplete (56ms)
	LoadAllAssembliesAndSetupDomain (943ms)
		LoadAssemblies (781ms)
		RebuildTransferFunctionScriptingTraits (0ms)
		AnalyzeDomain (373ms)
			TypeCache.Refresh (15ms)
				TypeCache.ScanAssembly (0ms)
			BuildScriptInfoCaches (329ms)
			ResolveRequiredComponents (24ms)
	FinalizeReload (1716ms)
		ReleaseScriptCaches (0ms)
		RebuildScriptCaches (0ms)
		SetupLoadedEditorAssemblies (1248ms)
			LogAssemblyErrors (0ms)
			InitializePlatformSupportModulesInManaged (55ms)
			SetLoadedEditorAssemblies (10ms)
			BeforeProcessingInitializeOnLoad (269ms)
			ProcessInitializeOnLoadAttributes (766ms)
			ProcessInitializeOnLoadMethodAttributes (134ms)
			AfterProcessingInitializeOnLoad (14ms)
			EditorAssembliesLoaded (1ms)
		ExecutionOrderSort2 (0ms)
		AwakeInstancesAfterBackupRestoration (24ms)
Refreshing native plugins compatible for Editor in 4.65 ms, found 4 plugins.
Preloading 0 native plugins for Editor in 0.00 ms.
Unloading 13 Unused Serialized files (Serialized files now loaded: 0)
Unloading 6538 unused Assets / (4.0 MB). Loaded Objects now: 7263.
Memory consumption went from 144.7 MB to 140.6 MB.
Total: 15.304600 ms (FindLiveObjects: 1.290400 ms CreateObjectMapping: 2.030400 ms MarkObjects: 7.565900 ms  DeleteObjects: 4.416100 ms)

Prepare: number of updated asset objects reloaded= 0
========================================================================
Received Import Request.
  Time since last request: 1650143.986889 seconds.
  path: Assets/Scripts/NewEmptyCSharpScript.cs
  artifactKey: Guid(ab0a08cde16473b409403703990c428c) Importer(815301076,1909f56bfc062723c751e8b465ee728b)
Start importing Assets/Scripts/NewEmptyCSharpScript.cs using Guid(ab0a08cde16473b409403703990c428c) Importer(815301076,1909f56bfc062723c751e8b465ee728b) (PreviewImporter) -> (artifact id: 'e6d2fb6f50dbaec258bda5381ae7436f') in 0.0301999 seconds
Number of updated asset objects reloaded before import = 0Number of asset objects unloaded after import = 0

========================================================================
Received Import Request.
  Time since last request: 5.409292 seconds.
  path: Assets/Scripts/ChampionManager.cs
  artifactKey: Guid(ab0a08cde16473b409403703990c428c) Importer(815301076,1909f56bfc062723c751e8b465ee728b)
Start importing Assets/Scripts/ChampionManager.cs using Guid(ab0a08cde16473b409403703990c428c) Importer(815301076,1909f56bfc062723c751e8b465ee728b) (PreviewImporter) -> (artifact id: '7a4ec6c3c66871c8a32778ae82577f98') in 0.0012053 seconds
Number of updated asset objects reloaded before import = 0Number of asset objects unloaded after import = 0

========================================================================
Received Prepare
Begin MonoManager ReloadAssembly
- Loaded All Assemblies, in 16.558 seconds
Refreshing native plugins compatible for Editor in 2.65 ms, found 4 plugins.
Native extension for LinuxStandalone target not found
Native extension for iOS target not found
Native extension for Android target not found
Native extension for UWP target not found
Native extension for WindowsStandalone target not found
Native extension for WebGL target not found
Mono: successfully reloaded assembly
- Finished resetting the current domain, in  2.790 seconds
Domain Reload Profiling: 19354ms
	BeginReloadAssembly (5579ms)
		ExecutionOrderSort (4ms)
		DisableScriptedObjects (1861ms)
		BackupInstance (0ms)
		ReleaseScriptingObjects (3ms)
		CreateAndSetChildDomain (1491ms)
	RebuildCommonClasses (191ms)
	RebuildNativeTypeToScriptingClass (63ms)
	initialDomainReloadingComplete (234ms)
	LoadAllAssembliesAndSetupDomain (10495ms)
		LoadAssemblies (6212ms)
		RebuildTransferFunctionScriptingTraits (0ms)
		AnalyzeDomain (4919ms)
			TypeCache.Refresh (4063ms)
				TypeCache.ScanAssembly (3ms)
			BuildScriptInfoCaches (794ms)
			ResolveRequiredComponents (43ms)
	FinalizeReload (2792ms)
		ReleaseScriptCaches (0ms)
		RebuildScriptCaches (0ms)
		SetupLoadedEditorAssemblies (1943ms)
			LogAssemblyErrors (0ms)
			InitializePlatformSupportModulesInManaged (274ms)
			SetLoadedEditorAssemblies (16ms)
			BeforeProcessingInitializeOnLoad (445ms)
			ProcessInitializeOnLoadAttributes (1033ms)
			ProcessInitializeOnLoadMethodAttributes (145ms)
			AfterProcessingInitializeOnLoad (29ms)
			EditorAssembliesLoaded (1ms)
		ExecutionOrderSort2 (0ms)
		AwakeInstancesAfterBackupRestoration (33ms)
Refreshing native plugins compatible for Editor in 2.89 ms, found 4 plugins.
Preloading 0 native plugins for Editor in 0.00 ms.
Unloading 13 Unused Serialized files (Serialized files now loaded: 0)
Unloading 6538 unused Assets / (4.1 MB). Loaded Objects now: 7267.
Memory consumption went from 145.2 MB to 141.1 MB.
Total: 24.117200 ms (FindLiveObjects: 2.093100 ms CreateObjectMapping: 4.382800 ms MarkObjects: 10.324500 ms  DeleteObjects: 7.312400 ms)

Prepare: number of updated asset objects reloaded= 0
========================================================================
Received Prepare
Refreshing native plugins compatible for Editor in 268.12 ms, found 4 plugins.
Preloading 0 native plugins for Editor in 0.00 ms.
Unloading 13 Unused Serialized files (Serialized files now loaded: 0)
Unloading 6527 unused Assets / (2.1 MB). Loaded Objects now: 7267.
Memory consumption went from 145.4 MB to 143.3 MB.
Total: 8249.647300 ms (FindLiveObjects: 363.676100 ms CreateObjectMapping: 7.387300 ms MarkObjects: 7845.821400 ms  DeleteObjects: 32.754300 ms)

Prepare: number of updated asset objects reloaded= 0
========================================================================
Received Prepare
Refreshing native plugins compatible for Editor in 18.41 ms, found 4 plugins.
Preloading 0 native plugins for Editor in 0.00 ms.
Unloading 13 Unused Serialized files (Serialized files now loaded: 0)
Unloading 6527 unused Assets / (7.3 MB). Loaded Objects now: 7267.
Memory consumption went from 145.4 MB to 138.1 MB.
Total: 3226.840500 ms (FindLiveObjects: 2.754700 ms CreateObjectMapping: 3.565800 ms MarkObjects: 2666.505100 ms  DeleteObjects: 554.011000 ms)

Prepare: number of updated asset objects reloaded= 0
========================================================================
Received Prepare
Begin MonoManager ReloadAssembly
- Loaded All Assemblies, in 180.221 seconds
Refreshing native plugins compatible for Editor in 88.03 ms, found 4 plugins.
Native extension for LinuxStandalone target not found
Native extension for iOS target not found
Native extension for Android target not found
Native extension for UWP target not found
Native extension for WindowsStandalone target not found
Native extension for WebGL target not found
Mono: successfully reloaded assembly
- Finished resetting the current domain, in 91.030 seconds
Domain Reload Profiling: 268946ms
	BeginReloadAssembly (58431ms)
		ExecutionOrderSort (0ms)
		DisableScriptedObjects (5869ms)
		BackupInstance (0ms)
		ReleaseScriptingObjects (54ms)
		CreateAndSetChildDomain (13790ms)
	RebuildCommonClasses (4239ms)
	RebuildNativeTypeToScriptingClass (97ms)
	initialDomainReloadingComplete (2885ms)
	LoadAllAssembliesAndSetupDomain (111775ms)
		LoadAssemblies (75216ms)
		RebuildTransferFunctionScriptingTraits (0ms)
		AnalyzeDomain (56952ms)
			TypeCache.Refresh (4991ms)
				TypeCache.ScanAssembly (3ms)
			BuildScriptInfoCaches (51084ms)
			ResolveRequiredComponents (432ms)
	FinalizeReload (91517ms)
		ReleaseScriptCaches (0ms)
		RebuildScriptCaches (0ms)
		SetupLoadedEditorAssemblies (78668ms)
			LogAssemblyErrors (0ms)
			InitializePlatformSupportModulesInManaged (567ms)
			SetLoadedEditorAssemblies (70ms)
			BeforeProcessingInitializeOnLoad (2939ms)
			ProcessInitializeOnLoadAttributes (21074ms)
			ProcessInitializeOnLoadMethodAttributes (48476ms)
			AfterProcessingInitializeOnLoad (5533ms)
			EditorAssembliesLoaded (9ms)
		ExecutionOrderSort2 (1ms)
		AwakeInstancesAfterBackupRestoration (213ms)
Refreshing native plugins compatible for Editor in 72.58 ms, found 4 plugins.
Preloading 0 native plugins for Editor in 0.00 ms.
Unloading 13 Unused Serialized files (Serialized files now loaded: 0)
Unloading 6538 unused Assets / (2.1 MB). Loaded Objects now: 7269.
Memory consumption went from 145.2 MB to 143.2 MB.
Total: 1732.632900 ms (FindLiveObjects: 82.099100 ms CreateObjectMapping: 5.651800 ms MarkObjects: 1624.894200 ms  DeleteObjects: 19.981900 ms)

Prepare: number of updated asset objects reloaded= 0
========================================================================
Received Prepare
Begin MonoManager ReloadAssembly
- Loaded All Assemblies, in 92.924 seconds
Refreshing native plugins compatible for Editor in 8.89 ms, found 4 plugins.
Native extension for LinuxStandalone target not found
Native extension for iOS target not found
Native extension for Android target not found
Native extension for UWP target not found
Native extension for WindowsStandalone target not found
Native extension for WebGL target not found
Mono: successfully reloaded assembly
- Finished resetting the current domain, in 34.924 seconds
Domain Reload Profiling: 126442ms
	BeginReloadAssembly (30516ms)
		ExecutionOrderSort (0ms)
		DisableScriptedObjects (2584ms)
		BackupInstance (0ms)
		ReleaseScriptingObjects (46ms)
		CreateAndSetChildDomain (15852ms)
	RebuildCommonClasses (1264ms)
	RebuildNativeTypeToScriptingClass (658ms)
	initialDomainReloadingComplete (3242ms)
	LoadAllAssembliesAndSetupDomain (55836ms)
		LoadAssemblies (55149ms)
		RebuildTransferFunctionScriptingTraits (0ms)
		AnalyzeDomain (8611ms)
			TypeCache.Refresh (350ms)
				TypeCache.ScanAssembly (2ms)
			BuildScriptInfoCaches (8053ms)
			ResolveRequiredComponents (152ms)
	FinalizeReload (34926ms)
		ReleaseScriptCaches (0ms)
		RebuildScriptCaches (0ms)
		SetupLoadedEditorAssemblies (30198ms)
			LogAssemblyErrors (0ms)
			InitializePlatformSupportModulesInManaged (303ms)
			SetLoadedEditorAssemblies (2771ms)
			BeforeProcessingInitializeOnLoad (14539ms)
			ProcessInitializeOnLoadAttributes (9245ms)
			ProcessInitializeOnLoadMethodAttributes (2734ms)
			AfterProcessingInitializeOnLoad (593ms)
			EditorAssembliesLoaded (14ms)
		ExecutionOrderSort2 (1ms)
		AwakeInstancesAfterBackupRestoration (228ms)
Refreshing native plugins compatible for Editor in 57.62 ms, found 4 plugins.
Preloading 0 native plugins for Editor in 0.00 ms.
Unloading 13 Unused Serialized files (Serialized files now loaded: 0)
Unloading 6538 unused Assets / (2.1 MB). Loaded Objects now: 7271.
Memory consumption went from 145.2 MB to 143.2 MB.
Total: 463.384200 ms (FindLiveObjects: 5.789000 ms CreateObjectMapping: 10.700800 ms MarkObjects: 368.395500 ms  DeleteObjects: 78.493200 ms)

Prepare: number of updated asset objects reloaded= 0
========================================================================
Received Prepare
Refreshing native plugins compatible for Editor in 13.50 ms, found 4 plugins.
Preloading 0 native plugins for Editor in 0.00 ms.
Unloading 13 Unused Serialized files (Serialized files now loaded: 0)
Unloading 6527 unused Assets / (2.1 MB). Loaded Objects now: 7271.
Memory consumption went from 145.4 MB to 143.3 MB.
Total: 346.439400 ms (FindLiveObjects: 1.266800 ms CreateObjectMapping: 2.093100 ms MarkObjects: 323.213100 ms  DeleteObjects: 19.864500 ms)

Prepare: number of updated asset objects reloaded= 0
========================================================================
Received Import Request.
  Time since last request: 849.318038 seconds.
  path: Assets/Scripts/ChampionManager.cs
  artifactKey: Guid(ab0a08cde16473b409403703990c428c) Importer(815301076,1909f56bfc062723c751e8b465ee728b)
Start importing Assets/Scripts/ChampionManager.cs using Guid(ab0a08cde16473b409403703990c428c) Importer(815301076,1909f56bfc062723c751e8b465ee728b) (PreviewImporter) -> (artifact id: '3625082ca10f0a7f96914ef8ec8d5da1') in 8.8190129 seconds
Number of updated asset objects reloaded before import = 0Number of asset objects unloaded after import = 0

========================================================================
Received Prepare
Refreshing native plugins compatible for Editor in 44.40 ms, found 4 plugins.
Preloading 0 native plugins for Editor in 0.00 ms.
Unloading 13 Unused Serialized files (Serialized files now loaded: 0)
Unloading 6527 unused Assets / (6.5 MB). Loaded Objects now: 7271.
Memory consumption went from 145.4 MB to 138.9 MB.
Total: 210.364900 ms (FindLiveObjects: 1.090600 ms CreateObjectMapping: 1.484100 ms MarkObjects: 8.655100 ms  DeleteObjects: 199.132600 ms)

Prepare: number of updated asset objects reloaded= 0
========================================================================
Received Prepare
Begin MonoManager ReloadAssembly
- Loaded All Assemblies, in 40.603 seconds
Refreshing native plugins compatible for Editor in 3.44 ms, found 4 plugins.
Native extension for LinuxStandalone target not found
Native extension for iOS target not found
Native extension for Android target not found
Native extension for UWP target not found
Native extension for WindowsStandalone target not found
Native extension for WebGL target not found
Mono: successfully reloaded assembly
- Finished resetting the current domain, in 23.140 seconds
Domain Reload Profiling: 63893ms
	BeginReloadAssembly (8348ms)
		ExecutionOrderSort (1ms)
		DisableScriptedObjects (362ms)
		BackupInstance (0ms)
		ReleaseScriptingObjects (9ms)
		CreateAndSetChildDomain (1612ms)
	RebuildCommonClasses (858ms)
	RebuildNativeTypeToScriptingClass (245ms)
	initialDomainReloadingComplete (782ms)
	LoadAllAssembliesAndSetupDomain (30518ms)
		LoadAssemblies (32000ms)
		RebuildTransferFunctionScriptingTraits (0ms)
		AnalyzeDomain (3769ms)
			TypeCache.Refresh (83ms)
				TypeCache.ScanAssembly (15ms)
			BuildScriptInfoCaches (3504ms)
			ResolveRequiredComponents (152ms)
	FinalizeReload (23141ms)
		ReleaseScriptCaches (0ms)
		RebuildScriptCaches (0ms)
		SetupLoadedEditorAssemblies (19411ms)
			LogAssemblyErrors (0ms)
			InitializePlatformSupportModulesInManaged (640ms)
			SetLoadedEditorAssemblies (999ms)
			BeforeProcessingInitializeOnLoad (7943ms)
			ProcessInitializeOnLoadAttributes (8509ms)
			ProcessInitializeOnLoadMethodAttributes (584ms)
			AfterProcessingInitializeOnLoad (732ms)
			EditorAssembliesLoaded (4ms)
		ExecutionOrderSort2 (0ms)
		AwakeInstancesAfterBackupRestoration (270ms)
Refreshing native plugins compatible for Editor in 11.47 ms, found 4 plugins.
Preloading 0 native plugins for Editor in 0.00 ms.
Unloading 13 Unused Serialized files (Serialized files now loaded: 0)
Unloading 6538 unused Assets / (2.1 MB). Loaded Objects now: 7273.
Memory consumption went from 145.2 MB to 143.1 MB.
Total: 211.754300 ms (FindLiveObjects: 31.727900 ms CreateObjectMapping: 23.958300 ms MarkObjects: 147.791000 ms  DeleteObjects: 8.274400 ms)

Prepare: number of updated asset objects reloaded= 0
========================================================================
Received Prepare
Begin MonoManager ReloadAssembly
